This is XeTeX, Version 3.141592653-2.6-0.999996 (TeX Live 2024) (preloaded format=xelatex 2024.4.25)  27 MAY 2026 13:03
entering extended mode
 restricted \write18 enabled.
 %&-line parsing enabled.
**poster.tex
(/usr/local/texlive/2024/texmf-dist/tex/generic/poster-mac/poster.tex
LaTeX2e <2023-11-01> patch level 1
L3 programming layer <2024-02-20>
  v1.1  10/05/15  <tvz>
\@posterbox=\box51
\poster@savedbox=\box52
\poster@cropbox=\box53
)
! Emergency stop.
<*> poster.tex
              
*** (job aborted, no legal \end found)

 
Here is how much of TeX's memory you used:
 76 strings out of 474773
 1251 string characters out of 5757724
 1917839 words of memory out of 5000000
 22329 multiletter control sequences out of 15000+600000
 558069 words of font info for 36 fonts, out of 8000000 for 9000
 1348 hyphenation exceptions out of 8191
 11i,0n,13p,90b,8s stack positions out of 10000i,1000n,20000p,200000b,200000s
No pages of output.
